+1000000000.0ns POS: x=7.6, y=92, z=0; VEL:0, y=0, z=0
+2000000000.0ns POS: x=7.6, y=92, z=0; VEL:1.99, y=0, z=0
+3000000000.0ns POS: x=9.59, y=92, z=0; VEL:0, y=0, z=0
+3000000000.0ns POS: x=9.59, y=92, z=0; VEL:2.83096, y=2.4287, z=0
+4000000000.0ns POS: x=12.421, y=94.4287, z=0; VEL:5.8624, y=0.665043, z=0
+5000000000.0ns POS: x=18.2834, y=95.0937, z=0; VEL:8.13944, y=0.0952838, z=0
+5000000000.0ns POS: x=5.1, y=92, z=0; VEL:0, y=0, z=0
+6000000000.0ns POS: x=26.4228, y=95.189, z=0; VEL:10.94, y=0.0101056, z=0
+6000000000.0ns POS: x=5.1, y=92, z=0; VEL:4.98, y=0, z=0
+7000000000.0ns POS: x=10.08, y=92, z=0; VEL:0, y=0, z=0
+7000000000.0ns POS: x=37.3628, y=95.1991, z=0; VEL:13, y=0.00080751, z=0
+7000000000.0ns POS: x=10.08, y=92, z=0; VEL:9.59, y=0, z=0
+8000000000.0ns POS: x=19.67, y=92, z=0; VEL:0, y=0, z=0
+8000000000.0ns POS: x=50.3628, y=95.1999, z=0; VEL:15.09, y=5.48116e-05, z=0
+8000000000.0ns POS: x=19.67, y=92, z=0; VEL:13.99, y=0, z=0
+9000000000.0ns POS: x=33.66, y=92, z=0; VEL:0, y=0, z=0
+9000000000.0ns POS: x=65.4528, y=95.2, z=0; VEL:11.52, y=3.14559e-06, z=0
+9000000000.0ns POS: x=33.66, y=92, z=0; VEL:18.64, y=0, z=0
+10000000000.0ns POS: x=76.9728, y=95.2, z=0; VEL:6.63, y=2.26607e-07, z=0
+10000000000.0ns POS: x=52.3, y=92, z=0; VEL:13.04, y=0, z=0
+11000000000.0ns POS: x=83.6028, y=95.2, z=0; VEL:0.63, y=1.28769e-08, z=0
+11000000000.0ns POS: x=65.34, y=92, z=0; VEL:11.46, y=0, z=0
+12000000000.0ns POS: x=84.2328, y=95.2, z=0; VEL:0.19, y=3.2289e-09, z=0
+12000000000.0ns POS: x=76.8, y=92, z=0; VEL:6.21, y=0, z=0
+13000000000.0ns POS: x=84.4228, y=95.2, z=0; VEL:0.03, y=4.94013e-10, z=0
+13000000000.0ns POS: x=83.01, y=92, z=0; VEL:1.7, y=0, z=0
+14000000000.0ns POS: x=84.4528, y=95.2, z=0; VEL:0.01, y=1.62933e-10, z=0
+14000000000.0ns POS: x=84.71, y=92, z=0; VEL:0.52, y=0, z=0
+15000000000.0ns POS: x=84.4628, y=95.2, z=0; VEL:0, y=0, z=0
+15000000000.0ns POS: x=85.23, y=92, z=0; VEL:0.11, y=0, z=0
+15000000000.0ns POS: x=108, y=7.6, z=0; VEL:0, y=0, z=0
+16000000000.0ns POS: x=84.4628, y=95.2, z=0; VEL:0, y=0, z=0
+16000000000.0ns POS: x=85.34, y=92, z=0; VEL:0.05, y=0, z=0
+16000000000.0ns POS: x=108, y=7.6, z=0; VEL:0, y=1.92, z=0
+17000000000.0ns POS: x=108, y=9.52, z=0; VEL:0, y=0, z=0
+17000000000.0ns POS: x=84.4628, y=95.2, z=0; VEL:0, y=0, z=0
+17000000000.0ns POS: x=85.39, y=92, z=0; VEL:0, y=0, z=0
+17000000000.0ns POS: x=108, y=9.52, z=0; VEL:0, y=4.1, z=0
+18000000000.0ns POS: x=108, y=13.62, z=0; VEL:0, y=0, z=0
+18000000000.0ns POS: x=84.4628, y=95.2, z=0; VEL:0, y=0, z=0
+18000000000.0ns POS: x=85.39, y=92, z=0; VEL:0, y=0, z=0
+18000000000.0ns POS: x=108, y=13.62, z=0; VEL:0, y=6.24, z=0
+19000000000.0ns POS: x=84.4628, y=95.2, z=0; VEL:0, y=0, z=0
+19000000000.0ns POS: x=85.39, y=92, z=0; VEL:0, y=0, z=0
+19000000000.0ns POS: x=108, y=19.86, z=0; VEL:0, y=7.94, z=0
+20000000000.0ns POS: x=108, y=27.8, z=0; VEL:0, y=0, z=0
+20000000000.0ns POS: x=84.4628, y=95.2, z=0; VEL:0, y=0, z=0
+20000000000.0ns POS: x=85.39, y=92, z=0; VEL:0, y=0, z=0
+20000000000.0ns POS: x=108, y=27.8, z=0; VEL:0, y=10.8, z=0
+21000000000.0ns POS: x=84.4628, y=95.2, z=0; VEL:0, y=0, z=0
+21000000000.0ns POS: x=85.39, y=92, z=0; VEL:0, y=0, z=0
+21000000000.0ns POS: x=108, y=38.6, z=0; VEL:0, y=13, z=0
+22000000000.0ns POS: x=108, y=51.6, z=0; VEL:0, y=0, z=0
+22000000000.0ns POS: x=84.4628, y=95.2, z=0; VEL:0, y=0, z=0
+22000000000.0ns POS: x=85.39, y=92, z=0; VEL:0, y=0, z=0
+22000000000.0ns POS: x=108, y=51.6, z=0; VEL:0, y=15.99, z=0
+23000000000.0ns POS: x=108, y=67.59, z=0; VEL:0, y=0, z=0
+23000000000.0ns POS: x=84.4628, y=95.2, z=0; VEL:0, y=0, z=0
+23000000000.0ns POS: x=85.39, y=92, z=0; VEL:0, y=0, z=0
+23000000000.0ns POS: x=108, y=67.59, z=0; VEL:0, y=18.7, z=0
+24000000000.0ns POS: x=84.4628, y=95.2, z=0; VEL:0, y=0, z=0
+24000000000.0ns POS: x=85.39, y=92, z=0; VEL:0, y=0, z=0
+24000000000.0ns POS: x=108, y=86.29, z=0; VEL:0, y=14.62, z=0
+25000000000.0ns POS: x=84.4628, y=95.2, z=0; VEL:0, y=0, z=0
+25000000000.0ns POS: x=85.39, y=92, z=0; VEL:0, y=0, z=0
+25000000000.0ns POS: x=108, y=100.91, z=0; VEL:0, y=12.01, z=0
+25000000000.0ns POS: x=92, y=194.9, z=0; VEL:0, y=0, z=0
+26000000000.0ns POS: x=84.4628, y=95.2, z=0; VEL:0, y=0, z=0
+26000000000.0ns POS: x=85.39, y=92, z=0; VEL:0, y=0, z=0
+26000000000.0ns POS: x=108, y=112.92, z=0; VEL:0, y=10.56, z=0
+26000000000.0ns POS: x=92, y=194.9, z=0; VEL:0, y=-0.6, z=0
+26999999999.0ns POS: x=92, y=194.3, z=0; VEL:0, y=0, z=0
+27000000000.0ns POS: x=84.4628, y=95.2, z=0; VEL:0, y=0, z=0
+27000000000.0ns POS: x=85.39, y=92, z=0; VEL:0, y=0, z=0
+27000000000.0ns POS: x=108, y=123.48, z=0; VEL:0, y=11.44, z=0
+27000000000.0ns POS: x=92, y=194.3, z=0; VEL:0, y=-1.23, z=0
+27991869918.0ns POS: x=92, y=193.08, z=0; VEL:0, y=0, z=0
+28000000000.0ns POS: x=84.4628, y=95.2, z=0; VEL:0, y=0, z=0
+28000000000.0ns POS: x=85.39, y=92, z=0; VEL:0, y=0, z=0
+28000000000.0ns POS: x=108, y=134.92, z=0; VEL:0, y=10.98, z=0
+28000000000.0ns POS: x=92, y=193.08, z=0; VEL:0, y=-1.95, z=0
+29000000000.0ns POS: x=84.4628, y=95.2, z=0; VEL:0, y=0, z=0
+29000000000.0ns POS: x=85.39, y=92, z=0; VEL:0, y=0, z=0
+29000000000.0ns POS: x=108, y=145.9, z=0; VEL:0, y=10.39, z=0
+29000000000.0ns POS: x=92, y=191.13, z=0; VEL:0, y=-2.53, z=0
+30000000000.0ns POS: x=84.4628, y=95.2, z=0; VEL:0, y=0, z=0
+30000000000.0ns POS: x=85.39, y=92, z=0; VEL:0, y=0, z=0
+30000000000.0ns POS: x=108, y=156.29, z=0; VEL:0, y=10.46, z=0
+30000000000.0ns POS: x=92, y=188.6, z=0; VEL:0, y=-3.32, z=0
+31000000000.0ns POS: x=84.4628, y=95.2, z=0; VEL:0, y=0, z=0
+31000000000.0ns POS: x=85.39, y=92, z=0; VEL:0, y=0, z=0
+31000000000.0ns POS: x=108, y=166.75, z=0; VEL:0, y=10.42, z=0
+31000000000.0ns POS: x=92, y=185.28, z=0; VEL:0, y=-4.13, z=0
+32000000000.0ns POS: x=84.4628, y=95.2, z=0; VEL:0, y=0, z=0
+32000000000.0ns POS: x=85.39, y=92, z=0; VEL:0, y=0, z=0
+32000000000.0ns POS: x=108, y=177.17, z=0; VEL:0, y=10.03, z=0
+32000000000.0ns POS: x=92, y=181.15, z=0; VEL:0, y=-4.67, z=0
+33000000000.0ns POS: x=84.4628, y=95.2, z=0; VEL:0, y=0, z=0
+33000000000.0ns POS: x=85.39, y=92, z=0; VEL:0, y=0, z=0
+33000000000.0ns POS: x=108, y=187.2, z=0; VEL:0, y=11, z=0
+33000000000.0ns POS: x=92, y=176.48, z=0; VEL:0, y=-5.45, z=0
+34000000000.0ns POS: x=84.4628, y=95.2, z=0; VEL:0, y=0, z=0
+34000000000.0ns POS: x=85.39, y=92, z=0; VEL:0, y=0, z=0
+34000000000.0ns POS: x=92, y=171.03, z=0; VEL:0, y=-6.31, z=0
+34000909090.0ns POS: x=108, y=198.21, z=0; VEL:0, y=0, z=0
+35000000000.0ns POS: x=84.4628, y=95.2, z=0; VEL:0, y=0, z=0
+35000000000.0ns POS: x=85.39, y=92, z=0; VEL:0, y=0, z=0
+35000000000.0ns POS: x=92, y=164.72, z=0; VEL:0, y=-6.83, z=0
+36000000000.0ns POS: x=84.4628, y=95.2, z=0; VEL:0, y=0, z=0
+36000000000.0ns POS: x=85.39, y=92, z=0; VEL:0, y=0, z=0
+36000000000.0ns POS: x=92, y=157.89, z=0; VEL:0, y=-7.79, z=0
+36998716302.0ns POS: x=92, y=150.11, z=0; VEL:0, y=0, z=0
+37000000000.0ns POS: x=84.4628, y=95.2, z=0; VEL:0, y=0, z=0
+37000000000.0ns POS: x=85.39, y=92, z=0; VEL:0, y=0, z=0
+37000000000.0ns POS: x=92, y=150.11, z=0; VEL:0, y=-8.62, z=0
+38000000000.0ns POS: x=84.4628, y=95.2, z=0; VEL:0, y=0, z=0
+38000000000.0ns POS: x=85.39, y=92, z=0; VEL:0, y=0, z=0
+38000000000.0ns POS: x=92, y=141.49, z=0; VEL:0, y=-9.56, z=0
+39000000000.0ns POS: x=92, y=131.93, z=0; VEL:0, y=0, z=0
+39000000000.0ns POS: x=84.4628, y=95.2, z=0; VEL:0, y=0, z=0
+39000000000.0ns POS: x=85.39, y=92, z=0; VEL:0, y=0, z=0
+39000000000.0ns POS: x=92, y=131.93, z=0; VEL:0, y=-10.33, z=0
+40000000000.0ns POS: x=84.4628, y=95.2, z=0; VEL:0, y=0, z=0
+40000000000.0ns POS: x=85.39, y=92, z=0; VEL:2.82, y=0, z=0
+40000000000.0ns POS: x=92, y=121.6, z=0; VEL:0, y=-5.77, z=0
+41000000000.0ns POS: x=88.21, y=92, z=0; VEL:0, y=0, z=0
+41000000000.0ns POS: x=84.4628, y=95.2, z=0; VEL:0, y=0, z=0
+41000000000.0ns POS: x=88.21, y=92, z=0; VEL:6.64, y=0, z=0
+41000000000.0ns POS: x=92, y=115.83, z=0; VEL:0, y=-0.77, z=0
+41998493975.0ns POS: x=94.84, y=92, z=0; VEL:0, y=0, z=0
+42000000000.0ns POS: x=84.4628, y=95.2, z=0; VEL:0, y=0, z=0
+42000000000.0ns POS: x=94.84, y=92, z=0; VEL:9.51, y=0, z=0
+42000000000.0ns POS: x=92, y=115.06, z=0; VEL:0, y=-0.45, z=0
+42996845425.0ns POS: x=104.32, y=92, z=0; VEL:0, y=0, z=0
+43000000000.0ns POS: x=84.4628, y=95.2, z=0; VEL:0, y=0, z=0
+43000000000.0ns POS: x=104.32, y=92, z=0; VEL:10.89, y=0, z=0
+43000000000.0ns POS: x=92, y=114.61, z=0; VEL:0, y=0, z=0
+43998163452.0ns POS: x=115.19, y=92, z=0; VEL:0, y=0, z=0
+44000000000.0ns POS: x=84.4628, y=95.2, z=0; VEL:0, y=0, z=0
+44000000000.0ns POS: x=115.19, y=92, z=0; VEL:11.15, y=0, z=0
+44000000000.0ns POS: x=92, y=114.61, z=0; VEL:0, y=0, z=0
+45000000000.0ns POS: x=126.34, y=92, z=0; VEL:0, y=0, z=0
+45000000000.0ns POS: x=84.4628, y=95.2, z=0; VEL:0, y=0, z=0
+45000000000.0ns POS: x=126.34, y=92, z=0; VEL:9.73, y=0, z=0
+45000000000.0ns POS: x=92, y=114.61, z=0; VEL:0, y=0, z=0
+46000000000.0ns POS: x=136.07, y=92, z=0; VEL:0, y=0, z=0
+46000000000.0ns POS: x=84.4628, y=95.2, z=0; VEL:0, y=0, z=0
+46000000000.0ns POS: x=136.07, y=92, z=0; VEL:9.98, y=0, z=0
+46000000000.0ns POS: x=92, y=114.61, z=0; VEL:0, y=0, z=0
+47000000000.0ns POS: x=84.4628, y=95.2, z=0; VEL:0, y=0, z=0
+47000000000.0ns POS: x=146.05, y=92, z=0; VEL:10.15, y=0, z=0
+47000000000.0ns POS: x=92, y=114.61, z=0; VEL:0, y=0, z=0
+48000000000.0ns POS: x=84.4628, y=95.2, z=0; VEL:0, y=0, z=0
+48000000000.0ns POS: x=156.2, y=92, z=0; VEL:10.77, y=0, z=0
+48000000000.0ns POS: x=92, y=114.61, z=0; VEL:0, y=0, z=0
+49000000000.0ns POS: x=84.4628, y=95.2, z=0; VEL:0, y=0, z=0
+49000000000.0ns POS: x=166.97, y=92, z=0; VEL:11.1, y=0, z=0
+49000000000.0ns POS: x=92, y=114.61, z=0; VEL:0, y=0, z=0
+50000000000.0ns POS: x=84.4628, y=95.2, z=0; VEL:0, y=0, z=0
+50000000000.0ns POS: x=178.07, y=92, z=0; VEL:10.29, y=0, z=0
+50000000000.0ns POS: x=92, y=114.61, z=0; VEL:0, y=0, z=0
+51000000000.0ns POS: x=84.4628, y=95.2, z=0; VEL:0, y=0, z=0
+51000000000.0ns POS: x=188.36, y=92, z=0; VEL:10.25, y=0, z=0
+51000000000.0ns POS: x=92, y=114.61, z=0; VEL:0, y=0, z=0
+52000000000.0ns POS: x=84.4628, y=95.2, z=0; VEL:0, y=0, z=0
+52000000000.0ns POS: x=92, y=114.61, z=0; VEL:0, y=0, z=0
+52001951219.0ns POS: x=198.63, y=92, z=0; VEL:0, y=0, z=0
+53000000000.0ns POS: x=84.4628, y=95.2, z=0; VEL:0, y=0, z=0
+53000000000.0ns POS: x=92, y=114.61, z=0; VEL:0, y=0, z=0
+54000000000.0ns POS: x=84.4628, y=95.2, z=0; VEL:0, y=0, z=0
+54000000000.0ns POS: x=92, y=114.61, z=0; VEL:0, y=0, z=0
+55000000000.0ns POS: x=84.4628, y=95.2, z=0; VEL:0, y=0, z=0
+55000000000.0ns POS: x=92, y=114.61, z=0; VEL:0, y=0, z=0
+56000000000.0ns POS: x=84.4628, y=95.2, z=0; VEL:0, y=0, z=0
+56000000000.0ns POS: x=92, y=114.61, z=0; VEL:0, y=0, z=0
+57000000000.0ns POS: x=84.4628, y=95.2, z=0; VEL:0, y=0, z=0
+57000000000.0ns POS: x=92, y=114.61, z=0; VEL:0, y=0, z=0
+58000000000.0ns POS: x=84.4628, y=95.2, z=0; VEL:0, y=0, z=0
+58000000000.0ns POS: x=92, y=114.61, z=0; VEL:0, y=0, z=0
+59000000000.0ns POS: x=84.4628, y=95.2, z=0; VEL:0, y=0, z=0
+59000000000.0ns POS: x=92, y=114.61, z=0; VEL:0, y=0, z=0
+60000000000.0ns POS: x=84.4628, y=95.2, z=0; VEL:0, y=0, z=0
+60000000000.0ns POS: x=92, y=114.61, z=0; VEL:0, y=0, z=0
+61000000000.0ns POS: x=84.4628, y=95.2, z=0; VEL:0, y=0, z=0
+61000000000.0ns POS: x=92, y=114.61, z=0; VEL:0, y=0, z=0
+62000000000.0ns POS: x=84.4628, y=95.2, z=0; VEL:0, y=0, z=0
+62000000000.0ns POS: x=92, y=114.61, z=0; VEL:0, y=0, z=0
+63000000000.0ns POS: x=84.4628, y=95.2, z=0; VEL:0, y=0, z=0
+63000000000.0ns POS: x=92, y=114.61, z=0; VEL:0, y=0, z=0
+64000000000.0ns POS: x=84.4628, y=95.2, z=0; VEL:0, y=0, z=0
+64000000000.0ns POS: x=92, y=114.61, z=0; VEL:0, y=0, z=0
+65000000000.0ns POS: x=84.4628, y=95.2, z=0; VEL:0, y=0, z=0
+65000000000.0ns POS: x=92, y=114.61, z=0; VEL:0, y=0, z=0
+66000000000.0ns POS: x=84.4628, y=95.2, z=0; VEL:0, y=0, z=0
+66000000000.0ns POS: x=92, y=114.61, z=0; VEL:0, y=0, z=0
+67000000000.0ns POS: x=84.4628, y=95.2, z=0; VEL:0, y=0, z=0
+67000000000.0ns POS: x=92, y=114.61, z=0; VEL:0, y=0, z=0
+68000000000.0ns POS: x=84.4628, y=95.2, z=0; VEL:0, y=0, z=0
+68000000000.0ns POS: x=92, y=114.61, z=0; VEL:0, y=0, z=0
+69000000000.0ns POS: x=84.4628, y=95.2, z=0; VEL:0, y=0, z=0
+69000000000.0ns POS: x=92, y=114.61, z=0; VEL:0, y=0, z=0
+70000000000.0ns POS: x=84.4628, y=95.2, z=0; VEL:0, y=0, z=0
+70000000000.0ns POS: x=92, y=114.61, z=0; VEL:0, y=0, z=0
+71000000000.0ns POS: x=84.4628, y=95.2, z=0; VEL:0, y=0, z=0
+71000000000.0ns POS: x=92, y=114.61, z=0; VEL:0, y=0, z=0
+72000000000.0ns POS: x=84.4628, y=95.2, z=0; VEL:0, y=0, z=0
+72000000000.0ns POS: x=92, y=114.61, z=0; VEL:0, y=0, z=0
+73000000000.0ns POS: x=84.4628, y=95.2, z=0; VEL:0, y=0, z=0
+73000000000.0ns POS: x=92, y=114.61, z=0; VEL:0, y=0, z=0
+74000000000.0ns POS: x=84.4628, y=95.2, z=0; VEL:0, y=0, z=0
+74000000000.0ns POS: x=92, y=114.61, z=0; VEL:0, y=0, z=0
+75000000000.0ns POS: x=84.4628, y=95.2, z=0; VEL:0, y=0, z=0
+75000000000.0ns POS: x=92, y=114.61, z=0; VEL:0, y=0, z=0
+76000000000.0ns POS: x=84.4628, y=95.2, z=0; VEL:0, y=0, z=0
+76000000000.0ns POS: x=92, y=114.61, z=0; VEL:0, y=0, z=0
+77000000000.0ns POS: x=84.4628, y=95.2, z=0; VEL:0, y=0, z=0
+77000000000.0ns POS: x=92, y=114.61, z=0; VEL:0, y=0, z=0
+78000000000.0ns POS: x=84.4628, y=95.2, z=0; VEL:0, y=0, z=0
+78000000000.0ns POS: x=92, y=114.61, z=0; VEL:0, y=0, z=0
+79000000000.0ns POS: x=84.4628, y=95.2, z=0; VEL:2.50655, y=0.131646, z=0
+79000000000.0ns POS: x=92, y=114.61, z=0; VEL:0, y=0, z=0
+80000000000.0ns POS: x=86.9693, y=95.3316, z=0; VEL:4.02626, y=0.437831, z=0
+80000000000.0ns POS: x=92, y=114.61, z=0; VEL:0, y=0, z=0
+81000000000.0ns POS: x=90.9956, y=95.7695, z=0; VEL:6.25095, y=1.50684, z=0
+81000000000.0ns POS: x=92, y=114.61, z=0; VEL:0, y=0, z=0
+82000000000.0ns POS: x=97.2465, y=97.2763, z=0; VEL:3.71094, y=1.71961, z=0
+82000000000.0ns POS: x=92, y=114.61, z=0; VEL:0, y=0, z=0
+83000000000.0ns POS: x=100.957, y=98.9959, z=0; VEL:4.21715, y=4.59926, z=0
+83000000000.0ns POS: x=92, y=114.61, z=0; VEL:0, y=0, z=0
+84000000000.0ns POS: x=105.175, y=103.595, z=0; VEL:2.50099, y=8.41626, z=0
+84000000000.0ns POS: x=92, y=114.61, z=0; VEL:0, y=0, z=0
+85000000000.0ns POS: x=107.676, y=112.011, z=0; VEL:0.312431, y=10.5454, z=0
+85000000000.0ns POS: x=92, y=114.61, z=0; VEL:0, y=0, z=0
+86000000000.0ns POS: x=107.988, y=122.557, z=0; VEL:0.0115267, y=11.11, z=0
+86000000000.0ns POS: x=92, y=114.61, z=0; VEL:0, y=0, z=0
+87000000000.0ns POS: x=108, y=133.667, z=0; VEL:0.000402413, y=10.21, z=0
+87000000000.0ns POS: x=92, y=114.61, z=0; VEL:0, y=0, z=0
+88000000000.0ns POS: x=108, y=143.877, z=0; VEL:1.53059e-05, y=10.55, z=0
+88000000000.0ns POS: x=92, y=114.61, z=0; VEL:0, y=0, z=0
+89000000000.0ns POS: x=108, y=154.427, z=0; VEL:5.61858e-07, y=10.06, z=0
+89000000000.0ns POS: x=92, y=114.61, z=0; VEL:0, y=0, z=0
+90000000000.0ns POS: x=108, y=164.487, z=0; VEL:2.22254e-08, y=10.79, z=0
+90000000000.0ns POS: x=92, y=114.61, z=0; VEL:0, y=-0.97, z=0
+91000000000.0ns POS: x=108, y=175.277, z=0; VEL:8.17272e-10, y=9.99, z=0
+91000000000.0ns POS: x=92, y=113.64, z=0; VEL:0, y=-1.64, z=0
+92000000000.0ns POS: x=108, y=185.267, z=0; VEL:3.25311e-11, y=10.53, z=0
+92000000000.0ns POS: x=92, y=112, z=0; VEL:0, y=-2.19, z=0
+93000000000.0ns POS: x=92, y=109.81, z=0; VEL:0, y=-2.84, z=0
+93039238510.0ns POS: x=108, y=196.21, z=0; VEL:0, y=0, z=0
+94000000000.0ns POS: x=92, y=106.97, z=0; VEL:0, y=-3.82, z=0
+95000000000.0ns POS: x=92, y=103.15, z=0; VEL:0, y=-4.57, z=0
+96000000000.0ns POS: x=92, y=98.58, z=0; VEL:0, y=-5.27, z=0
+97000000000.0ns POS: x=92, y=93.31, z=0; VEL:0, y=-6.25, z=0
+98000000000.0ns POS: x=92, y=87.06, z=0; VEL:0, y=-6.88, z=0
+99000000000.0ns POS: x=92, y=80.18, z=0; VEL:0, y=-7.73, z=0
