+1000000000.0ns POS: x=5.1, y=92, z=0; VEL:16.6964, y=3.14471, z=0
+1000000000.0ns POS: x=194.9, y=108, z=0; VEL:-13.52, y=0, z=0
+1000000000.0ns POS: x=108, y=5.1, z=0; VEL:0, y=19.92, z=0
+1000000000.0ns POS: x=92, y=194.9, z=0; VEL:0, y=-18.79, z=0
+1999999999.0ns POS: x=92, y=176.11, z=0; VEL:0, y=0, z=0
+2000000000.0ns POS: x=108, y=25.02, z=0; VEL:0, y=0, z=0
+2000000000.0ns POS: x=21.7964, y=95.1447, z=0; VEL:19.1599, y=0.0544294, z=0
+2000000000.0ns POS: x=181.38, y=108, z=0; VEL:-15.69, y=0, z=0
+2000000000.0ns POS: x=108, y=25.02, z=0; VEL:0, y=20.26, z=0
+2000000000.0ns POS: x=92, y=176.11, z=0; VEL:0, y=-18.9, z=0
+3000000000.0ns POS: x=165.69, y=108, z=0; VEL:0, y=0, z=0
+3000000000.0ns POS: x=108, y=45.28, z=0; VEL:0, y=0, z=0
+3000000000.0ns POS: x=40.9564, y=95.1991, z=0; VEL:17.03, y=0.000847967, z=0
+3000000000.0ns POS: x=165.69, y=108, z=0; VEL:-18.03, y=0, z=0
+3000000000.0ns POS: x=108, y=45.28, z=0; VEL:0, y=15.92, z=0
+3000000000.0ns POS: x=92, y=157.21, z=0; VEL:0, y=-16.56, z=0
+4000000000.0ns POS: x=147.66, y=108, z=0; VEL:0, y=0, z=0
+4000000000.0ns POS: x=108, y=61.2, z=0; VEL:0, y=0, z=0
+4000000000.0ns POS: x=92, y=140.65, z=0; VEL:0, y=0, z=0
+4000000000.0ns POS: x=57.9864, y=95.2, z=0; VEL:13.33, y=1.43061e-05, z=0
+4000000000.0ns POS: x=147.66, y=108, z=0; VEL:-19.96, y=0, z=0
+4000000000.0ns POS: x=108, y=61.2, z=0; VEL:0, y=11.42, z=0
+4000000000.0ns POS: x=92, y=140.65, z=0; VEL:0, y=-12.06, z=0
+5000000000.0ns POS: x=127.7, y=108, z=0; VEL:0, y=0, z=0
+5000000000.0ns POS: x=108, y=72.62, z=0; VEL:0, y=0, z=0
+5000000000.0ns POS: x=92, y=128.59, z=0; VEL:0, y=0, z=0
+5000000000.0ns POS: x=71.3164, y=95.2, z=0; VEL:8.83, y=3.05002e-07, z=0
+5000000000.0ns POS: x=127.7, y=108, z=0; VEL:-22.6, y=0, z=0
+5000000000.0ns POS: x=108, y=72.62, z=0; VEL:0, y=8.51, z=0
+5000000000.0ns POS: x=92, y=128.59, z=0; VEL:0, y=-8.53, z=0
+5998824911.0ns POS: x=108, y=81.12, z=0; VEL:0, y=0, z=0
+5998827667.0ns POS: x=92, y=120.07, z=0; VEL:0, y=0, z=0
+6000000000.0ns POS: x=80.1464, y=95.2, z=0; VEL:4.33, y=9.49875e-09, z=0
+6000000000.0ns POS: x=105.1, y=108, z=0; VEL:-23.52, y=0, z=0
+6000000000.0ns POS: x=108, y=81.12, z=0; VEL:0, y=4.01, z=0
+6000000000.0ns POS: x=92, y=120.07, z=0; VEL:0, y=-4.42, z=0
+6999999999.0ns POS: x=108, y=85.13, z=0; VEL:0, y=0, z=0
+7000000000.0ns POS: x=81.58, y=108, z=0; VEL:0, y=0, z=0
+7000000000.0ns POS: x=84.4764, y=95.2, z=0; VEL:0.46, y=3.93177e-10, z=0
+7000000000.0ns POS: x=81.58, y=108, z=0; VEL:-23.1, y=0, z=0
+7000000000.0ns POS: x=108, y=85.13, z=0; VEL:0, y=0.27, z=0
+7000000000.0ns POS: x=92, y=115.65, z=0; VEL:0, y=-0.56, z=0
+7999999999.0ns POS: x=92, y=115.09, z=0; VEL:0, y=0, z=0
+8000000000.0ns POS: x=84.9364, y=95.2, z=0; VEL:0.16, y=8.85249e-11, z=0
+8000000000.0ns POS: x=58.48, y=108, z=0; VEL:-23.37, y=0, z=0
+8000000000.0ns POS: x=108, y=85.4, z=0; VEL:0, y=0, z=0
+8000000000.0ns POS: x=92, y=115.09, z=0; VEL:0, y=-0.38, z=0
+9000000000.0ns POS: x=35.11, y=108, z=0; VEL:0, y=0, z=0
+9000000000.0ns POS: x=85.0964, y=95.2, z=0; VEL:0, y=0, z=0
+9000000000.0ns POS: x=35.11, y=108, z=0; VEL:-22.36, y=0, z=0
+9000000000.0ns POS: x=108, y=85.4, z=0; VEL:0, y=0, z=0
+9000000000.0ns POS: x=92, y=114.71, z=0; VEL:0, y=-0.09, z=0
+10000000000.0ns POS: x=12.75, y=108, z=0; VEL:0, y=0, z=0
+10000000000.0ns POS: x=92, y=114.62, z=0; VEL:0, y=0, z=0
