+1000000000.0ns POS: x=7.6, y=492, z=0; VEL:0, y=0, z=0
+1000000000.0ns POS: x=508, y=7.6, z=0; VEL:0, y=0, z=0
+1000000000.0ns POS: x=492, y=992.4, z=0; VEL:0, y=0, z=0
+2000000000.0ns POS: x=7.6, y=492, z=0; VEL:1.99, y=0, z=0
+2000000000.0ns POS: x=508, y=7.6, z=0; VEL:0, y=1.92, z=0
+2000000000.0ns POS: x=492, y=992.4, z=0; VEL:0, y=-1.79, z=0
+2999999999.0ns POS: x=492, y=990.61, z=0; VEL:0, y=0, z=0
+3000000000.0ns POS: x=9.59, y=492, z=0; VEL:0, y=0, z=0
+3000000000.0ns POS: x=508, y=9.52, z=0; VEL:0, y=0, z=0
+3000000000.0ns POS: x=9.59, y=492, z=0; VEL:3.73, y=0, z=0
+3000000000.0ns POS: x=508, y=9.52, z=0; VEL:0, y=4.1, z=0
+3000000000.0ns POS: x=492, y=990.61, z=0; VEL:0, y=-3.69, z=0
+3997289972.0ns POS: x=492, y=986.93, z=0; VEL:0, y=0, z=0
+4000000000.0ns POS: x=13.32, y=492, z=0; VEL:0, y=0, z=0
+4000000000.0ns POS: x=508, y=13.62, z=0; VEL:0, y=0, z=0
+4000000000.0ns POS: x=13.32, y=492, z=0; VEL:6.72, y=0, z=0
+4000000000.0ns POS: x=7.6, y=492, z=0; VEL:0, y=0, z=0
+4000000000.0ns POS: x=508, y=13.62, z=0; VEL:0, y=6.24, z=0
+4000000000.0ns POS: x=492, y=986.93, z=0; VEL:0, y=-5.84, z=0
+5000000000.0ns POS: x=20.04, y=492, z=0; VEL:0, y=0, z=0
+5000000000.0ns POS: x=20.04, y=492, z=0; VEL:9.48, y=0, z=0
+5000000000.0ns POS: x=7.6, y=492, z=0; VEL:2.64, y=0, z=0
+5000000000.0ns POS: x=508, y=19.86, z=0; VEL:0, y=7.94, z=0
+5000000000.0ns POS: x=492, y=981.09, z=0; VEL:0, y=-7.59, z=0
+5999999999.0ns POS: x=492, y=973.5, z=0; VEL:0, y=0, z=0
+6000000000.0ns POS: x=29.52, y=492, z=0; VEL:0, y=0, z=0
+6000000000.0ns POS: x=10.24, y=492, z=0; VEL:0, y=0, z=0
+6000000000.0ns POS: x=508, y=27.8, z=0; VEL:0, y=0, z=0
+6000000000.0ns POS: x=29.52, y=492, z=0; VEL:12.27, y=0, z=0
+6000000000.0ns POS: x=10.24, y=492, z=0; VEL:5, y=0, z=0
+6000000000.0ns POS: x=508, y=27.8, z=0; VEL:0, y=10.8, z=0
+6000000000.0ns POS: x=492, y=973.5, z=0; VEL:0, y=-9.34, z=0
+7000000000.0ns POS: x=15.24, y=492, z=0; VEL:0, y=0, z=0
+7000000000.0ns POS: x=41.79, y=492, z=0; VEL:14.54, y=0, z=0
+7000000000.0ns POS: x=15.24, y=492, z=0; VEL:7.35, y=0, z=0
+7000000000.0ns POS: x=508, y=38.6, z=0; VEL:0, y=13, z=0
+7000000000.0ns POS: x=492, y=964.16, z=0; VEL:0, y=-9.41, z=0
+7999999999.0ns POS: x=492, y=954.75, z=0; VEL:0, y=0, z=0
+8000000000.0ns POS: x=56.33, y=492, z=0; VEL:0, y=0, z=0
+8000000000.0ns POS: x=22.59, y=492, z=0; VEL:0, y=0, z=0
+8000000000.0ns POS: x=508, y=51.6, z=0; VEL:0, y=0, z=0
+8000000000.0ns POS: x=56.33, y=492, z=0; VEL:16.68, y=0, z=0
+8000000000.0ns POS: x=22.59, y=492, z=0; VEL:9.62, y=0, z=0
+8000000000.0ns POS: x=508, y=51.6, z=0; VEL:0, y=15.99, z=0
+8000000000.0ns POS: x=492, y=954.75, z=0; VEL:0, y=-8.58, z=0
+9000000000.0ns POS: x=73.01, y=492, z=0; VEL:0, y=0, z=0
+9000000000.0ns POS: x=32.21, y=492, z=0; VEL:0, y=0, z=0
+9000000000.0ns POS: x=508, y=67.59, z=0; VEL:0, y=0, z=0
+9000000000.0ns POS: x=73.01, y=492, z=0; VEL:18.73, y=0, z=0
+9000000000.0ns POS: x=32.21, y=492, z=0; VEL:12.3, y=0, z=0
+9000000000.0ns POS: x=508, y=67.59, z=0; VEL:0, y=18.89, z=0
+9000000000.0ns POS: x=492, y=946.17, z=0; VEL:0, y=-9.33, z=0
+9999999999.0ns POS: x=492, y=936.84, z=0; VEL:0, y=0, z=0
+10000000000.0ns POS: x=91.74, y=492, z=0; VEL:0, y=0, z=0
+10000000000.0ns POS: x=44.51, y=492, z=0; VEL:0, y=0, z=0
+10000000000.0ns POS: x=508, y=86.48, z=0; VEL:0, y=0, z=0
+10000000000.0ns POS: x=91.74, y=492, z=0; VEL:20.7705, y=3.16352, z=0
+10000000000.0ns POS: x=44.51, y=492, z=0; VEL:14.94, y=0, z=0
+10000000000.0ns POS: x=508, y=86.48, z=0; VEL:0, y=20.76, z=0
+10000000000.0ns POS: x=492, y=936.84, z=0; VEL:0, y=-9.55, z=0
+11000000000.0ns POS: x=59.45, y=492, z=0; VEL:0, y=0, z=0
+11000000000.0ns POS: x=508, y=107.24, z=0; VEL:0, y=0, z=0
+11000000000.0ns POS: x=112.51, y=495.164, z=0; VEL:23.18, y=0.0361098, z=0
+11000000000.0ns POS: x=59.45, y=492, z=0; VEL:17.72, y=0, z=0
+11000000000.0ns POS: x=508, y=107.24, z=0; VEL:0, y=22.17, z=0
+11000000000.0ns POS: x=492, y=927.29, z=0; VEL:0, y=-8.54, z=0
+12000000000.0ns POS: x=77.17, y=492, z=0; VEL:0, y=0, z=0
+12000000000.0ns POS: x=508, y=129.41, z=0; VEL:0, y=0, z=0
+12000000000.0ns POS: x=135.69, y=495.2, z=0; VEL:24.5, y=0.000369577, z=0
+12000000000.0ns POS: x=77.17, y=492, z=0; VEL:19.81, y=0, z=0
+12000000000.0ns POS: x=508, y=129.41, z=0; VEL:0, y=21.9, z=0
+12000000000.0ns POS: x=492, y=918.75, z=0; VEL:0, y=-9.83, z=0
+13000000000.0ns POS: x=96.98, y=492, z=0; VEL:0, y=0, z=0
+13000000000.0ns POS: x=508, y=151.31, z=0; VEL:0, y=0, z=0
+13000000000.0ns POS: x=160.19, y=495.2, z=0; VEL:25.06, y=3.57952e-06, z=0
+13000000000.0ns POS: x=96.98, y=492, z=0; VEL:22.55, y=0, z=0
+13000000000.0ns POS: x=508, y=151.31, z=0; VEL:0, y=21.78, z=0
+13000000000.0ns POS: x=492, y=908.92, z=0; VEL:0, y=-9.49, z=0
+14000000000.0ns POS: x=119.53, y=492, z=0; VEL:0, y=0, z=0
+14000000000.0ns POS: x=508, y=173.09, z=0; VEL:0, y=0, z=0
+14000000000.0ns POS: x=185.25, y=495.2, z=0; VEL:24.32, y=3.3871e-08, z=0
+14000000000.0ns POS: x=119.53, y=492, z=0; VEL:24.8, y=0, z=0
+14000000000.0ns POS: x=508, y=173.09, z=0; VEL:0, y=22.46, z=0
+14000000000.0ns POS: x=492, y=899.43, z=0; VEL:0, y=-9.76, z=0
+15000000000.0ns POS: x=144.33, y=492, z=0; VEL:0, y=0, z=0
+15000000000.0ns POS: x=508, y=195.55, z=0; VEL:0, y=0, z=0
+15000000000.0ns POS: x=209.57, y=495.2, z=0; VEL:24.35, y=3.44071e-10, z=0
+15000000000.0ns POS: x=144.33, y=492, z=0; VEL:26.27, y=0, z=0
+15000000000.0ns POS: x=508, y=195.55, z=0; VEL:0, y=21.4, z=0
+15000000000.0ns POS: x=492, y=889.67, z=0; VEL:0, y=-9.31, z=0
+15999999999.0ns POS: x=508, y=216.95, z=0; VEL:0, y=0, z=0
+16000000000.0ns POS: x=170.6, y=492, z=0; VEL:0, y=0, z=0
+16000000000.0ns POS: x=233.92, y=495.2, z=0; VEL:24.45, y=3.4901e-12, z=0
+16000000000.0ns POS: x=170.6, y=492, z=0; VEL:26.2, y=0, z=0
+16000000000.0ns POS: x=508, y=216.95, z=0; VEL:0, y=21.45, z=0
+16000000000.0ns POS: x=492, y=880.36, z=0; VEL:0, y=-9.29, z=0
+17000000000.0ns POS: x=196.8, y=492, z=0; VEL:0, y=0, z=0
+17000000000.0ns POS: x=508, y=238.4, z=0; VEL:0, y=0, z=0
+17000000000.0ns POS: x=258.37, y=495.2, z=0; VEL:25.14, y=5.62847e-14, z=0
+17000000000.0ns POS: x=196.8, y=492, z=0; VEL:26.53, y=0, z=0
+17000000000.0ns POS: x=508, y=238.4, z=0; VEL:0, y=22.46, z=0
+17000000000.0ns POS: x=492, y=871.07, z=0; VEL:0, y=-8.57, z=0
+18000000000.0ns POS: x=508, y=260.86, z=0; VEL:0, y=0, z=0
+18000000000.0ns POS: x=283.51, y=495.2, z=0; VEL:23.78, y=0, z=0
+18000000000.0ns POS: x=223.33, y=492, z=0; VEL:25.64, y=0, z=0
+18000000000.0ns POS: x=508, y=260.86, z=0; VEL:0, y=21.22, z=0
+18000000000.0ns POS: x=492, y=862.5, z=0; VEL:0, y=-9.96, z=0
+18999528746.0ns POS: x=508, y=282.07, z=0; VEL:0, y=0, z=0
+19000000000.0ns POS: x=248.97, y=492, z=0; VEL:0, y=0, z=0
+19000000000.0ns POS: x=307.29, y=495.2, z=0; VEL:24.71, y=0, z=0
+19000000000.0ns POS: x=248.97, y=492, z=0; VEL:26.21, y=0, z=0
+19000000000.0ns POS: x=508, y=282.07, z=0; VEL:0, y=22.03, z=0
+19000000000.0ns POS: x=492, y=852.54, z=0; VEL:0, y=-8.82, z=0
+20000000000.0ns POS: x=275.18, y=492, z=0; VEL:0, y=0, z=0
+20000000000.0ns POS: x=332, y=495.2, z=0; VEL:24.33, y=0, z=0
+20000000000.0ns POS: x=275.18, y=492, z=0; VEL:26.84, y=0, z=0
+20000000000.0ns POS: x=508, y=304.1, z=0; VEL:0, y=22.62, z=0
+20000000000.0ns POS: x=492, y=843.72, z=0; VEL:0, y=-9, z=0
+21000000000.0ns POS: x=492, y=834.72, z=0; VEL:0, y=0, z=0
+21000000000.0ns POS: x=356.33, y=495.2, z=0; VEL:24.81, y=0, z=0
+21000000000.0ns POS: x=302.02, y=492, z=0; VEL:26.09, y=0, z=0
+21000000000.0ns POS: x=508, y=326.72, z=0; VEL:0, y=22.39, z=0
+21000000000.0ns POS: x=492, y=834.72, z=0; VEL:0, y=-9.35, z=0
+22000000000.0ns POS: x=381.14, y=495.2, z=0; VEL:24.76, y=0, z=0
+22000000000.0ns POS: x=328.11, y=492, z=0; VEL:25.68, y=0, z=0
+22000000000.0ns POS: x=508, y=349.11, z=0; VEL:0, y=22.57, z=0
+22000000000.0ns POS: x=492, y=825.37, z=0; VEL:0, y=-8.65, z=0
+22999999999.0ns POS: x=492, y=816.72, z=0; VEL:0, y=0, z=0
+23000000000.0ns POS: x=405.9, y=495.2, z=0; VEL:24.59, y=0, z=0
+23000000000.0ns POS: x=353.79, y=492, z=0; VEL:26.71, y=0, z=0
+23000000000.0ns POS: x=508, y=371.68, z=0; VEL:0, y=21.68, z=0
+23000000000.0ns POS: x=492, y=816.72, z=0; VEL:0, y=-9.56, z=0
+23998953974.0ns POS: x=492, y=807.17, z=0; VEL:0, y=0, z=0
+24000000000.0ns POS: x=380.5, y=492, z=0; VEL:0, y=0, z=0
+24000000000.0ns POS: x=430.49, y=495.2, z=0; VEL:22.55, y=0, z=0
+24000000000.0ns POS: x=380.5, y=492, z=0; VEL:26.68, y=0, z=0
+24000000000.0ns POS: x=508, y=393.36, z=0; VEL:0, y=22.63, z=0
+24000000000.0ns POS: x=492, y=807.17, z=0; VEL:0, y=-9.29, z=0
+25000000000.0ns POS: x=407.18, y=492, z=0; VEL:0, y=0, z=0
+25000000000.0ns POS: x=453.04, y=495.2, z=0; VEL:16.55, y=0, z=0
+25000000000.0ns POS: x=407.18, y=492, z=0; VEL:25.55, y=0, z=0
+25000000000.0ns POS: x=508, y=415.99, z=0; VEL:0, y=21.33, z=0
+25000000000.0ns POS: x=492, y=797.88, z=0; VEL:0, y=-8.72, z=0
+26000000000.0ns POS: x=432.73, y=492, z=0; VEL:0, y=0, z=0
+26000000000.0ns POS: x=469.59, y=495.2, z=0; VEL:10.55, y=0, z=0
+26000000000.0ns POS: x=432.73, y=492, z=0; VEL:19.55, y=0, z=0
+26000000000.0ns POS: x=508, y=437.32, z=0; VEL:0, y=20.87, z=0
+26000000000.0ns POS: x=492, y=789.16, z=0; VEL:0, y=-9.15, z=0
+26999999999.0ns POS: x=452.28, y=492, z=0; VEL:0, y=0, z=0
+27000000000.0ns POS: x=480.14, y=495.2, z=0; VEL:4.55, y=0, z=0
+27000000000.0ns POS: x=452.28, y=492, z=0; VEL:13.55, y=0, z=0
+27000000000.0ns POS: x=508, y=458.19, z=0; VEL:0, y=14.98, z=0
+27000000000.0ns POS: x=492, y=780.01, z=0; VEL:0, y=-9.15, z=0
+28000000000.0ns POS: x=465.83, y=492, z=0; VEL:0, y=0, z=0
+28000000000.0ns POS: x=484.69, y=495.2, z=0; VEL:0.43, y=0, z=0
+28000000000.0ns POS: x=465.83, y=492, z=0; VEL:15.1, y=0, z=0
+28000000000.0ns POS: x=508, y=473.17, z=0; VEL:0, y=8.98, z=0
+28000000000.0ns POS: x=492, y=770.86, z=0; VEL:0, y=-9.32, z=0
+29000000000.0ns POS: x=480.93, y=492, z=0; VEL:0, y=0, z=0
+29000000000.0ns POS: x=485.12, y=495.2, z=0; VEL:0.02, y=0, z=0
+29000000000.0ns POS: x=480.93, y=492, z=0; VEL:17.66, y=0, z=0
+29000000000.0ns POS: x=508, y=482.15, z=0; VEL:0, y=2.98, z=0
+29000000000.0ns POS: x=492, y=761.54, z=0; VEL:0, y=-8.88, z=0
+29997734994.0ns POS: x=498.55, y=492, z=0; VEL:0, y=0, z=0
+30000000000.0ns POS: x=485.14, y=495.2, z=0; VEL:0.01, y=0, z=0
+30000000000.0ns POS: x=498.55, y=492, z=0; VEL:19.95, y=0, z=0
+30000000000.0ns POS: x=508, y=485.13, z=0; VEL:0, y=0.21, z=0
+30000000000.0ns POS: x=492, y=752.66, z=0; VEL:0, y=-8.97, z=0
+30997994987.0ns POS: x=518.46, y=492, z=0; VEL:0, y=0, z=0
+30999999999.0ns POS: x=492, y=743.69, z=0; VEL:0, y=0, z=0
+31000000000.0ns POS: x=485.15, y=495.2, z=0; VEL:0.01, y=0, z=0
+31000000000.0ns POS: x=518.46, y=492, z=0; VEL:22.43, y=0, z=0
+31000000000.0ns POS: x=508, y=485.34, z=0; VEL:0, y=0.03, z=0
+31000000000.0ns POS: x=492, y=743.69, z=0; VEL:0, y=-9.04, z=0
+31999999999.0ns POS: x=540.89, y=492, z=0; VEL:0, y=0, z=0
+32000000000.0ns POS: x=485.16, y=495.2, z=0; VEL:0, y=0, z=0
+32000000000.0ns POS: x=540.89, y=492, z=0; VEL:22.44, y=0, z=0
+32000000000.0ns POS: x=508, y=485.37, z=0; VEL:0, y=0.02, z=0
+32000000000.0ns POS: x=492, y=734.65, z=0; VEL:0, y=-9.38, z=0
+33000000000.0ns POS: x=563.33, y=492, z=0; VEL:0, y=0, z=0
+33000000000.0ns POS: x=485.16, y=495.2, z=0; VEL:0, y=0, z=0
+33000000000.0ns POS: x=563.33, y=492, z=0; VEL:22.59, y=0, z=0
+33000000000.0ns POS: x=508, y=485.39, z=0; VEL:0, y=0, z=0
+33000000000.0ns POS: x=492, y=725.27, z=0; VEL:0, y=-9.73, z=0
+33999999999.0ns POS: x=585.92, y=492, z=0; VEL:0, y=0, z=0
+34000000000.0ns POS: x=485.16, y=495.2, z=0; VEL:0, y=0, z=0
+34000000000.0ns POS: x=585.92, y=492, z=0; VEL:22.69, y=0, z=0
+34000000000.0ns POS: x=508, y=485.39, z=0; VEL:0, y=0, z=0
+34000000000.0ns POS: x=492, y=715.54, z=0; VEL:0, y=-8.92, z=0
+35000000000.0ns POS: x=608.61, y=492, z=0; VEL:0, y=0, z=0
+35000000000.0ns POS: x=485.16, y=495.2, z=0; VEL:0, y=0, z=0
+35000000000.0ns POS: x=608.61, y=492, z=0; VEL:23.06, y=0, z=0
+35000000000.0ns POS: x=508, y=485.39, z=0; VEL:0, y=0, z=0
+35000000000.0ns POS: x=492, y=706.62, z=0; VEL:0, y=-9.15, z=0
+35998907103.0ns POS: x=492, y=697.48, z=0; VEL:0, y=0, z=0
+36000000000.0ns POS: x=485.16, y=495.2, z=0; VEL:0, y=0, z=0
+36000000000.0ns POS: x=631.67, y=492, z=0; VEL:23.26, y=0, z=0
+36000000000.0ns POS: x=508, y=485.39, z=0; VEL:0, y=0, z=0
+36000000000.0ns POS: x=492, y=697.48, z=0; VEL:0, y=-9.88, z=0
+37000000000.0ns POS: x=492, y=687.6, z=0; VEL:0, y=0, z=0
+37000000000.0ns POS: x=485.16, y=495.2, z=0; VEL:0, y=0, z=0
+37000000000.0ns POS: x=654.93, y=492, z=0; VEL:22.77, y=0, z=0
+37000000000.0ns POS: x=508, y=485.39, z=0; VEL:0, y=0, z=0
+37000000000.0ns POS: x=492, y=687.6, z=0; VEL:0, y=-9.19, z=0
+38000000000.0ns POS: x=485.16, y=495.2, z=0; VEL:0, y=0, z=0
+38000000000.0ns POS: x=677.7, y=492, z=0; VEL:22.75, y=0, z=0
+38000000000.0ns POS: x=508, y=485.39, z=0; VEL:0, y=0, z=0
+38000000000.0ns POS: x=492, y=678.41, z=0; VEL:0, y=-9.29, z=0
+38999999999.0ns POS: x=492, y=669.12, z=0; VEL:0, y=0, z=0
+39000000000.0ns POS: x=485.16, y=495.2, z=0; VEL:0, y=0, z=0
+39000000000.0ns POS: x=700.45, y=492, z=0; VEL:23.5, y=0, z=0
+39000000000.0ns POS: x=508, y=485.39, z=0; VEL:0, y=0, z=0
+39000000000.0ns POS: x=492, y=669.12, z=0; VEL:0, y=-9.36, z=0
+40000000000.0ns POS: x=492, y=659.76, z=0; VEL:0, y=0, z=0
+40000000000.0ns POS: x=485.16, y=495.2, z=0; VEL:2.57412, y=0.174078, z=0
+40000000000.0ns POS: x=723.95, y=492, z=0; VEL:22.74, y=0, z=0
+40000000000.0ns POS: x=508, y=485.39, z=0; VEL:0, y=0, z=0
+40000000000.0ns POS: x=492, y=659.76, z=0; VEL:0, y=-9.26, z=0
+41000000000.0ns POS: x=492, y=650.5, z=0; VEL:0, y=0, z=0
+41000000000.0ns POS: x=487.735, y=495.374, z=0; VEL:4.10106, y=0.488031, z=0
+41000000000.0ns POS: x=746.69, y=492, z=0; VEL:22.32, y=0, z=0
+41000000000.0ns POS: x=508, y=485.39, z=0; VEL:0, y=0, z=0
+41000000000.0ns POS: x=492, y=650.5, z=0; VEL:0, y=-9.65, z=0
+42000000000.0ns POS: x=491.836, y=495.862, z=0; VEL:6.27872, y=1.68156, z=0
+42000000000.0ns POS: x=769.01, y=492, z=0; VEL:23.65, y=0, z=0
+42000000000.0ns POS: x=508, y=485.39, z=0; VEL:0, y=0, z=0
+42000000000.0ns POS: x=492, y=640.85, z=0; VEL:0, y=-9.07, z=0
+43000000000.0ns POS: x=498.114, y=497.544, z=0; VEL:3.46008, y=1.73342, z=0
+43000000000.0ns POS: x=792.66, y=492, z=0; VEL:22.33, y=0, z=0
+43000000000.0ns POS: x=508, y=485.39, z=0; VEL:0, y=0, z=0
+43000000000.0ns POS: x=492, y=631.78, z=0; VEL:0, y=-9.81, z=0
+44000000000.0ns POS: x=501.574, y=499.277, z=0; VEL:3.88993, y=4.59443, z=0
+44000000000.0ns POS: x=814.99, y=492, z=0; VEL:23.47, y=0, z=0
+44000000000.0ns POS: x=508, y=485.39, z=0; VEL:0, y=0, z=0
+44000000000.0ns POS: x=492, y=621.97, z=0; VEL:0, y=-9.81, z=0
+45000000000.0ns POS: x=505.464, y=503.872, z=0; VEL:2.30094, y=8.24495, z=0
+45000000000.0ns POS: x=838.46, y=492, z=0; VEL:22.84, y=0, z=0
+45000000000.0ns POS: x=508, y=485.39, z=0; VEL:0, y=0, z=0
+45000000000.0ns POS: x=492, y=612.16, z=0; VEL:0, y=-9.74, z=0
+45984659869.0ns POS: x=507.73, y=511.99, z=0; VEL:0, y=0, z=0
+46000000000.0ns POS: x=507.73, y=511.99, z=0; VEL:0.270663, y=10.8766, z=0
+46000000000.0ns POS: x=861.3, y=492, z=0; VEL:23.11, y=0, z=0
+46000000000.0ns POS: x=508, y=485.39, z=0; VEL:0, y=0, z=0
+46000000000.0ns POS: x=492, y=602.42, z=0; VEL:0, y=-9.89, z=0
+46997551371.0ns POS: x=508, y=522.84, z=0; VEL:0, y=0, z=0
+47000000000.0ns POS: x=508, y=522.84, z=0; VEL:0, y=13.88, z=0
+47000000000.0ns POS: x=884.41, y=492, z=0; VEL:23.48, y=0, z=0
+47000000000.0ns POS: x=508, y=485.39, z=0; VEL:0, y=0, z=0
+47000000000.0ns POS: x=492, y=592.53, z=0; VEL:0, y=-9.2, z=0
+48000000000.0ns POS: x=508, y=536.72, z=0; VEL:0, y=0, z=0
+48000000000.0ns POS: x=508, y=536.72, z=0; VEL:0, y=16.41, z=0
+48000000000.0ns POS: x=907.89, y=492, z=0; VEL:23.58, y=0, z=0
+48000000000.0ns POS: x=508, y=485.39, z=0; VEL:0, y=0, z=0
+48000000000.0ns POS: x=492, y=583.33, z=0; VEL:0, y=-9.02, z=0
+49000000000.0ns POS: x=508, y=553.13, z=0; VEL:0, y=0, z=0
+49000000000.0ns POS: x=508, y=553.13, z=0; VEL:0, y=18.35, z=0
+49000000000.0ns POS: x=931.47, y=492, z=0; VEL:23.73, y=0, z=0
+49000000000.0ns POS: x=508, y=485.39, z=0; VEL:0, y=0, z=0
+49000000000.0ns POS: x=492, y=574.31, z=0; VEL:0, y=-9.46, z=0
+50000000000.0ns POS: x=508, y=571.48, z=0; VEL:0, y=0, z=0
+50000000000.0ns POS: x=508, y=571.48, z=0; VEL:0, y=19.22, z=0
+50000000000.0ns POS: x=955.2, y=492, z=0; VEL:22.44, y=0, z=0
+50000000000.0ns POS: x=508, y=485.39, z=0; VEL:0, y=0, z=0
+50000000000.0ns POS: x=492, y=564.85, z=0; VEL:0, y=-9.2, z=0
+51000000000.0ns POS: x=508, y=590.7, z=0; VEL:0, y=0, z=0
+51000000000.0ns POS: x=508, y=590.7, z=0; VEL:0, y=19.18, z=0
+51000000000.0ns POS: x=508, y=485.39, z=0; VEL:0, y=1.63, z=0
+51000000000.0ns POS: x=492, y=555.65, z=0; VEL:0, y=-8.74, z=0
+51001336898.0ns POS: x=977.67, y=492, z=0; VEL:0, y=0, z=0
+52000000000.0ns POS: x=508, y=609.88, z=0; VEL:0, y=0, z=0
+52000000000.0ns POS: x=508, y=609.88, z=0; VEL:0, y=18.79, z=0
+52000000000.0ns POS: x=508, y=487.02, z=0; VEL:0, y=3.96, z=0
+52000000000.0ns POS: x=492, y=546.91, z=0; VEL:0, y=-8.94, z=0
+53000000000.0ns POS: x=508, y=628.67, z=0; VEL:0, y=0, z=0
+53000000000.0ns POS: x=508, y=628.67, z=0; VEL:0, y=19.76, z=0
+53000000000.0ns POS: x=508, y=490.98, z=0; VEL:0, y=6.08, z=0
+53000000000.0ns POS: x=492, y=537.97, z=0; VEL:0, y=-9.65, z=0
+54000000000.0ns POS: x=508, y=648.43, z=0; VEL:0, y=0, z=0
+54000000000.0ns POS: x=508, y=648.43, z=0; VEL:0, y=19.04, z=0
+54000000000.0ns POS: x=508, y=497.06, z=0; VEL:0, y=8.78, z=0
+54000000000.0ns POS: x=492, y=528.32, z=0; VEL:0, y=-9.69, z=0
+55000000000.0ns POS: x=508, y=505.84, z=0; VEL:0, y=0, z=0
+55000000000.0ns POS: x=508, y=667.47, z=0; VEL:0, y=20.09, z=0
+55000000000.0ns POS: x=508, y=505.84, z=0; VEL:0, y=11.68, z=0
+55000000000.0ns POS: x=492, y=518.63, z=0; VEL:0, y=-9.97, z=0
+56000000000.0ns POS: x=508, y=687.56, z=0; VEL:0, y=0, z=0
+56000000000.0ns POS: x=508, y=517.52, z=0; VEL:0, y=0, z=0
+56000000000.0ns POS: x=508, y=687.56, z=0; VEL:0, y=19.19, z=0
+56000000000.0ns POS: x=508, y=517.52, z=0; VEL:0, y=14, z=0
+56000000000.0ns POS: x=492, y=508.66, z=0; VEL:0, y=-11.64, z=0
+57000000000.0ns POS: x=508, y=531.52, z=0; VEL:0, y=0, z=0
+57000000000.0ns POS: x=508, y=706.75, z=0; VEL:0, y=19.05, z=0
+57000000000.0ns POS: x=508, y=531.52, z=0; VEL:0, y=16.57, z=0
+57000000000.0ns POS: x=492, y=497.02, z=0; VEL:0, y=-12.23, z=0
+58000000000.0ns POS: x=508, y=725.8, z=0; VEL:0, y=0, z=0
+58000000000.0ns POS: x=508, y=725.8, z=0; VEL:0, y=18.97, z=0
+58000000000.0ns POS: x=508, y=548.09, z=0; VEL:0, y=18.87, z=0
+58000000000.0ns POS: x=492, y=484.79, z=0; VEL:0, y=-14.77, z=0
+59000000000.0ns POS: x=508, y=744.77, z=0; VEL:0, y=19.18, z=0
+59000000000.0ns POS: x=508, y=566.96, z=0; VEL:0, y=20.09, z=0
+59000000000.0ns POS: x=492, y=470.02, z=0; VEL:0, y=-16.28, z=0
+60000000000.0ns POS: x=508, y=763.95, z=0; VEL:0, y=19.42, z=0
+60000000000.0ns POS: x=508, y=587.05, z=0; VEL:0, y=19.38, z=0
+60000000000.0ns POS: x=492, y=453.74, z=0; VEL:0, y=-16.39, z=0
+61000000000.0ns POS: x=508, y=783.37, z=0; VEL:0, y=0, z=0
+61000000000.0ns POS: x=508, y=783.37, z=0; VEL:0, y=19.42, z=0
+61000000000.0ns POS: x=508, y=606.43, z=0; VEL:0, y=20.47, z=0
+61000000000.0ns POS: x=492, y=437.35, z=0; VEL:0, y=-15.57, z=0
+62000000000.0ns POS: x=508, y=802.79, z=0; VEL:0, y=19.16, z=0
+62000000000.0ns POS: x=508, y=626.9, z=0; VEL:0, y=20.27, z=0
+62000000000.0ns POS: x=492, y=421.78, z=0; VEL:0, y=-15.6, z=0
+63000000000.0ns POS: x=508, y=821.95, z=0; VEL:0, y=18.78, z=0
+63000000000.0ns POS: x=508, y=647.17, z=0; VEL:0, y=20.33, z=0
+63000000000.0ns POS: x=492, y=406.18, z=0; VEL:0, y=-15.63, z=0
+64000000000.0ns POS: x=508, y=840.73, z=0; VEL:0, y=0, z=0
+64000000000.0ns POS: x=508, y=840.73, z=0; VEL:0, y=19.99, z=0
+64000000000.0ns POS: x=508, y=667.5, z=0; VEL:0, y=20.27, z=0
+64000000000.0ns POS: x=492, y=390.55, z=0; VEL:0, y=-15.92, z=0
+65000000000.0ns POS: x=508, y=860.72, z=0; VEL:0, y=19.97, z=0
+65000000000.0ns POS: x=508, y=687.77, z=0; VEL:0, y=20.08, z=0
+65000000000.0ns POS: x=492, y=374.63, z=0; VEL:0, y=-15.75, z=0
+66000000000.0ns POS: x=508, y=880.69, z=0; VEL:0, y=19.36, z=0
+66000000000.0ns POS: x=508, y=707.85, z=0; VEL:0, y=20.42, z=0
+66000000000.0ns POS: x=492, y=358.88, z=0; VEL:0, y=-15.26, z=0
+67000000000.0ns POS: x=508, y=900.05, z=0; VEL:0, y=19, z=0
+67000000000.0ns POS: x=508, y=728.27, z=0; VEL:0, y=20.03, z=0
+67000000000.0ns POS: x=492, y=343.62, z=0; VEL:0, y=-15.17, z=0
+68000000000.0ns POS: x=508, y=919.05, z=0; VEL:0, y=0, z=0
+68000000000.0ns POS: x=508, y=919.05, z=0; VEL:0, y=18.95, z=0
+68000000000.0ns POS: x=508, y=748.3, z=0; VEL:0, y=19.16, z=0
+68000000000.0ns POS: x=492, y=328.45, z=0; VEL:0, y=-16.29, z=0
+69000000000.0ns POS: x=508, y=938, z=0; VEL:0, y=19.45, z=0
+69000000000.0ns POS: x=508, y=767.46, z=0; VEL:0, y=20.49, z=0
+69000000000.0ns POS: x=492, y=312.16, z=0; VEL:0, y=-15.81, z=0
+70000000000.0ns POS: x=508, y=957.45, z=0; VEL:0, y=19.92, z=0
+70000000000.0ns POS: x=508, y=787.95, z=0; VEL:0, y=19.5, z=0
+70000000000.0ns POS: x=492, y=296.35, z=0; VEL:0, y=-16.15, z=0
+71000000000.0ns POS: x=508, y=977.37, z=0; VEL:0, y=18.94, z=0
+71000000000.0ns POS: x=508, y=807.45, z=0; VEL:0, y=19.63, z=0
+71000000000.0ns POS: x=492, y=280.2, z=0; VEL:0, y=-16.21, z=0
+72000000000.0ns POS: x=508, y=996.31, z=0; VEL:0, y=0, z=0
+72000000000.0ns POS: x=508, y=827.08, z=0; VEL:0, y=19.55, z=0
+72000000000.0ns POS: x=492, y=263.99, z=0; VEL:0, y=-16.61, z=0
+73000000000.0ns POS: x=508, y=846.63, z=0; VEL:0, y=19.67, z=0
+73000000000.0ns POS: x=492, y=247.38, z=0; VEL:0, y=-16.06, z=0
+74000000000.0ns POS: x=508, y=866.3, z=0; VEL:0, y=20.38, z=0
+74000000000.0ns POS: x=492, y=231.32, z=0; VEL:0, y=-16.03, z=0
+75000000000.0ns POS: x=508, y=886.68, z=0; VEL:0, y=19.7, z=0
+75000000000.0ns POS: x=492, y=215.29, z=0; VEL:0, y=-15.36, z=0
+76000000000.0ns POS: x=508, y=906.38, z=0; VEL:0, y=19.85, z=0
+76000000000.0ns POS: x=492, y=199.93, z=0; VEL:0, y=-15.57, z=0
+77000000000.0ns POS: x=508, y=926.23, z=0; VEL:0, y=19.49, z=0
+77000000000.0ns POS: x=492, y=184.36, z=0; VEL:0, y=-15.47, z=0
+78000000000.0ns POS: x=508, y=945.72, z=0; VEL:0, y=20.38, z=0
+78000000000.0ns POS: x=492, y=168.89, z=0; VEL:0, y=-15.59, z=0
+79000000000.0ns POS: x=508, y=966.1, z=0; VEL:0, y=19.85, z=0
+79000000000.0ns POS: x=492, y=153.3, z=0; VEL:0, y=-15.83, z=0
+80000000000.0ns POS: x=492, y=137.47, z=0; VEL:0, y=-16.42, z=0
+80000503778.0ns POS: x=508, y=985.96, z=0; VEL:0, y=0, z=0
+81000000000.0ns POS: x=492, y=121.05, z=0; VEL:0, y=-16.31, z=0
+82000000000.0ns POS: x=492, y=104.74, z=0; VEL:0, y=-15.22, z=0
+83000000000.0ns POS: x=492, y=89.52, z=0; VEL:0, y=-16.17, z=0
+84000000000.0ns POS: x=492, y=73.35, z=0; VEL:0, y=-15.61, z=0
+85000000000.0ns POS: x=492, y=57.74, z=0; VEL:0, y=-16.45, z=0
+86000000000.0ns POS: x=492, y=41.29, z=0; VEL:0, y=-15.91, z=0
+87000000000.0ns POS: x=492, y=25.38, z=0; VEL:0, y=-16.47, z=0
+88003035822.0ns POS: x=492, y=8.86, z=0; VEL:0, y=0, z=0
